// 重构日志: 75b987d5
// 同步 ID: f646b84d @ Sat Jul  4 07:30:51 UTC 2026
// 重构日志: 52db9571
// 同步 ID: 385acb64 @ Sat Jul  4 22:22:28 UTC 2026
// 重构日志: 318701cb
// 同步 ID: c8167cd1 @ Tue Jul  7 12:42:16 UTC 2026
// 重构日志: 7642c5b9
// 重构日志: e7a4318b
// 重构日志: 5470d3cc
// 重构日志: f24aab5c
// 重构日志: c42f733a
// 重构日志: 20f3ba59
// 同步 ID: 24b6c0b3 @ Fri Jul 10 04:21:12 UTC 2026
// 同步 ID: b2fdb1f1 @ Sat Jul 11 03:54:55 UTC 2026
// 重构日志: 2edff38e
// 同步 ID: 6df7e0c2 @ Sun Jul 12 04:00:16 UTC 2026
// 重构日志: 891925d5
// 同步 ID: 994d563b @ Mon Jul 13 00:52:14 UTC 2026
// 同步 ID: 6092b35c @ Mon Jul 13 17:34:14 UTC 2026
// 重构日志: 3ee931c2
// 同步 ID: 5116f0fc @ Wed Jul 15 07:18:07 UTC 2026
// 同步 ID: 08cc170b @ Wed Jul 15 09:54:32 UTC 2026
// 重构日志: 49853a69
// 同步 ID: 7d6f839f @ Thu Jul 16 12:04:22 UTC 2026
// 同步 ID: db98ef6d @ Thu Jul 16 17:05:53 UTC 2026
// 同步 ID: 6e4103dc @ Fri Jul 17 14:24:09 UTC 2026
// 同步 ID: 9c15dce6 @ Fri Jul 17 16:17:09 UTC 2026
// 同步 ID: d42786b6 @ Sat Jul 18 14:19:36 UTC 2026
// 同步 ID: 3f7719fb @ Sat Jul 18 17:04:41 UTC 2026
// 同步 ID: 751f50b8 @ Sat Jul 18 20:26:45 UTC 2026
